c:\users\andrey\source\repos\2andrey2\visual-studio\c++lb3\c++lb3(zad2)\debug\vc142.pdb
c:\users\andrey\source\repos\2andrey2\visual-studio\c++lb3\c++lb3(zad2)\debug\vc142.idb
c:\users\andrey\source\repos\2andrey2\visual-studio\c++lb3\c++lb3(zad2)\debug\staff.obj
c:\users\andrey\source\repos\2andrey2\visual-studio\c++lb3\c++lb3(zad2)\debug\passengers.obj
c:\users\andrey\source\repos\2andrey2\visual-studio\c++lb3\c++lb3(zad2)\debug\main.obj
c:\users\andrey\source\repos\2andrey2\visual-studio\c++lb3\c++lb3(zad2)\debug\ipeople.obj
c:\users\andrey\source\repos\2andrey2\visual-studio\c++lb3\c++lb3(zad2)\debug\iairport.obj
c:\users\andrey\source\repos\2andrey2\visual-studio\c++lb3\c++lb3(zad2)\debug\aircraft.obj
c:\users\andrey\source\repos\2andrey2\visual-studio\c++lb3\c++lb3(zad2)\debug\flight.obj
c:\users\andrey\source\repos\2andrey2\visual-studio\c++lb3\debug\c++lb3(zad2).pdb
c:\users\andrey\source\repos\2andrey2\visual-studio\c++lb3\c++lb3(zad2)\debug\c++lb3(zad2).tlog\cl.command.1.tlog
c:\users\andrey\source\repos\2andrey2\visual-studio\c++lb3\c++lb3(zad2)\debug\c++lb3(zad2).tlog\cl.read.1.tlog
c:\users\andrey\source\repos\2andrey2\visual-studio\c++lb3\c++lb3(zad2)\debug\c++lb3(zad2).tlog\cl.write.1.tlog
c:\users\andrey\source\repos\2andrey2\visual-studio\c++lb3\c++lb3(zad2)\debug\c++lb3(zad2).tlog\link-cvtres.read.1.tlog
c:\users\andrey\source\repos\2andrey2\visual-studio\c++lb3\c++lb3(zad2)\debug\c++lb3(zad2).tlog\link-cvtres.write.1.tlog
c:\users\andrey\source\repos\2andrey2\visual-studio\c++lb3\c++lb3(zad2)\debug\c++lb3(zad2).tlog\link-rc.read.1.tlog
c:\users\andrey\source\repos\2andrey2\visual-studio\c++lb3\c++lb3(zad2)\debug\c++lb3(zad2).tlog\link-rc.write.1.tlog
c:\users\andrey\source\repos\2andrey2\visual-studio\c++lb3\c++lb3(zad2)\debug\c++lb3(zad2).tlog\link.command.1.tlog
c:\users\andrey\source\repos\2andrey2\visual-studio\c++lb3\c++lb3(zad2)\debug\c++lb3(zad2).tlog\link.read.1.tlog
c:\users\andrey\source\repos\2andrey2\visual-studio\c++lb3\c++lb3(zad2)\debug\c++lb3(zad2).tlog\link.write.1.tlog
