c:\users\andrey\source\repos\2andrey2\visual-studio\c++lb4\c++lb4\debug\vc142.pdb
c:\users\andrey\source\repos\2andrey2\visual-studio\c++lb4\c++lb4\debug\vc142.idb
c:\users\andrey\source\repos\2andrey2\visual-studio\c++lb4\c++lb4\debug\player.obj
c:\users\andrey\source\repos\2andrey2\visual-studio\c++lb4\c++lb4\debug\main.obj
c:\users\andrey\source\repos\2andrey2\visual-studio\c++lb4\c++lb4\debug\house.obj
c:\users\andrey\source\repos\2andrey2\visual-studio\c++lb4\c++lb4\debug\hand.obj
c:\users\andrey\source\repos\2andrey2\visual-studio\c++lb4\c++lb4\debug\genericplayer.obj
c:\users\andrey\source\repos\2andrey2\visual-studio\c++lb4\c++lb4\debug\game.obj
c:\users\andrey\source\repos\2andrey2\visual-studio\c++lb4\c++lb4\debug\deck.obj
c:\users\andrey\source\repos\2andrey2\visual-studio\c++lb4\c++lb4\debug\card.obj
c:\users\andrey\source\repos\2andrey2\visual-studio\c++lb4\c++lb4\debug\iformattable.obj
c:\users\andrey\source\repos\2andrey2\visual-studio\c++lb4\debug\c++lb4.exe
c:\users\andrey\source\repos\2andrey2\visual-studio\c++lb4\debug\c++lb4.ilk
c:\users\andrey\source\repos\2andrey2\visual-studio\c++lb4\debug\c++lb4.pdb
c:\users\andrey\source\repos\2andrey2\visual-studio\c++lb4\c++lb4\debug\genericplayer.obj.enc
c:\users\andrey\source\repos\2andrey2\visual-studio\c++lb4\c++lb4\debug\player.obj.enc
c:\users\andrey\source\repos\2andrey2\visual-studio\c++lb4\c++lb4\debug\c++lb4.tlog\cl.command.1.tlog
c:\users\andrey\source\repos\2andrey2\visual-studio\c++lb4\c++lb4\debug\c++lb4.tlog\cl.read.1.tlog
c:\users\andrey\source\repos\2andrey2\visual-studio\c++lb4\c++lb4\debug\c++lb4.tlog\cl.write.1.tlog
c:\users\andrey\source\repos\2andrey2\visual-studio\c++lb4\c++lb4\debug\c++lb4.tlog\link.command.1.tlog
c:\users\andrey\source\repos\2andrey2\visual-studio\c++lb4\c++lb4\debug\c++lb4.tlog\link.read.1.tlog
c:\users\andrey\source\repos\2andrey2\visual-studio\c++lb4\c++lb4\debug\c++lb4.tlog\link.write.1.tlog
