c:\users\andrey\source\repos\c++lb3\c++lb3\debug\vc142.pdb
c:\users\andrey\source\repos\c++lb3\c++lb3\debug\vc142.idb
c:\users\andrey\source\repos\c++lb3\c++lb3\debug\lb3c++.obj
c:\users\andrey\source\repos\2andrey2\visual-studio\c++lb3\c++lb3\debug\vc142.pdb
c:\users\andrey\source\repos\2andrey2\visual-studio\c++lb3\c++lb3\debug\vc142.idb
c:\users\andrey\source\repos\2andrey2\visual-studio\c++lb3\c++lb3\debug\iloggable.obj
c:\users\andrey\source\repos\2andrey2\visual-studio\c++lb3\c++lb3\debug\expressionevaluator.obj
c:\users\andrey\source\repos\2andrey2\visual-studio\c++lb3\c++lb3\debug\summator.obj
c:\users\andrey\source\repos\2andrey2\visual-studio\c++lb3\c++lb3\debug\divisor.obj
c:\users\andrey\source\repos\2andrey2\visual-studio\c++lb3\c++lb3\debug\customexpressionevaluator.obj
c:\users\andrey\source\repos\2andrey2\visual-studio\c++lb3\c++lb3\debug\subtractor.obj
c:\users\andrey\source\repos\2andrey2\visual-studio\c++lb3\c++lb3\debug\lb3c++.obj
c:\users\andrey\source\repos\c++lb3\debug\c++lb3.ilk
c:\users\andrey\source\repos\c++lb3\debug\c++lb3.exe
c:\users\andrey\source\repos\c++lb3\debug\c++lb3.pdb
c:\users\andrey\source\repos\2andrey2\visual-studio\c++lb3\debug\c++lb3.exe
c:\users\andrey\source\repos\2andrey2\visual-studio\c++lb3\debug\c++lb3.ilk
c:\users\andrey\source\repos\2andrey2\visual-studio\c++lb3\debug\c++lb3.pdb
c:\users\andrey\source\repos\2andrey2\visual-studio\c++lb3\c++lb3\debug\c++lb3.tlog\cl.command.1.tlog
c:\users\andrey\source\repos\2andrey2\visual-studio\c++lb3\c++lb3\debug\c++lb3.tlog\cl.read.1.tlog
c:\users\andrey\source\repos\2andrey2\visual-studio\c++lb3\c++lb3\debug\c++lb3.tlog\cl.write.1.tlog
c:\users\andrey\source\repos\2andrey2\visual-studio\c++lb3\c++lb3\debug\c++lb3.tlog\link-cvtres.read.1.tlog
c:\users\andrey\source\repos\2andrey2\visual-studio\c++lb3\c++lb3\debug\c++lb3.tlog\link-cvtres.write.1.tlog
c:\users\andrey\source\repos\2andrey2\visual-studio\c++lb3\c++lb3\debug\c++lb3.tlog\link-rc.read.1.tlog
c:\users\andrey\source\repos\2andrey2\visual-studio\c++lb3\c++lb3\debug\c++lb3.tlog\link-rc.write.1.tlog
c:\users\andrey\source\repos\2andrey2\visual-studio\c++lb3\c++lb3\debug\c++lb3.tlog\link.17728-cvtres.read.1.tlog
c:\users\andrey\source\repos\2andrey2\visual-studio\c++lb3\c++lb3\debug\c++lb3.tlog\link.17728-cvtres.write.1.tlog
c:\users\andrey\source\repos\2andrey2\visual-studio\c++lb3\c++lb3\debug\c++lb3.tlog\link.17728-rc.read.1.tlog
c:\users\andrey\source\repos\2andrey2\visual-studio\c++lb3\c++lb3\debug\c++lb3.tlog\link.17728-rc.write.1.tlog
c:\users\andrey\source\repos\2andrey2\visual-studio\c++lb3\c++lb3\debug\c++lb3.tlog\link.17728.read.1.tlog
c:\users\andrey\source\repos\2andrey2\visual-studio\c++lb3\c++lb3\debug\c++lb3.tlog\link.17728.write.1.tlog
c:\users\andrey\source\repos\2andrey2\visual-studio\c++lb3\c++lb3\debug\c++lb3.tlog\link.command.1.tlog
c:\users\andrey\source\repos\2andrey2\visual-studio\c++lb3\c++lb3\debug\c++lb3.tlog\link.read.1.tlog
c:\users\andrey\source\repos\2andrey2\visual-studio\c++lb3\c++lb3\debug\c++lb3.tlog\link.write.1.tlog
